This is XeTeX, Version 3.14159265-2.6-0.99998 (TeX Live 2017/Debian) (preloaded format=xelatex 2019.9.6)  30 SEP 2019 09:07
entering extended mode
 restricted \write18 enabled.
 %&-line parsing enabled.
**bare_conf.tex
(./bare_conf.tex
LaTeX2e <2017-04-15>
Babel <3.18> and hyphenation patterns for 84 language(s) loaded.
(./IEEEtran.cls
Document Class: IEEEtran 2007/03/05 V1.7a by Michael Shell
-- See the "IEEEtran_HOWTO" manual for usage information.
-- http://www.michaelshell.org/tex/ieeetran/
\@IEEEtrantmpdimenA=\dimen102
\@IEEEtrantmpdimenB=\dimen103
\@IEEEtrantmpcountA=\count79
\@IEEEtrantmpcountB=\count80
\@IEEEtrantmptoksA=\toks14
LaTeX Font Info:    Try loading font information for TU+ptm on input line 373.
LaTeX Font Info:    No file TUptm.fd. on input line 373.

LaTeX Font Warning: Font shape `TU/ptm/m/n' undefined
(Font)              using `TU/lmr/m/n' instead on input line 373.

-- Using 210mm x 297mm (a4) paper.
-- Using DVI output.
\@IEEEnormalsizeunitybaselineskip=\dimen104
-- This is a 10 point document.
\CLASSINFOnormalsizebaselineskip=\dimen105
\CLASSINFOnormalsizeunitybaselineskip=\dimen106
\IEEEnormaljot=\dimen107

LaTeX Font Warning: Font shape `TU/ptm/bx/n' undefined
(Font)              using `TU/ptm/m/n' instead on input line 731.


LaTeX Font Warning: Font shape `TU/ptm/m/it' undefined
(Font)              using `TU/ptm/m/n' instead on input line 731.


LaTeX Font Warning: Font shape `TU/ptm/bx/it' undefined
(Font)              using `TU/ptm/bx/n' instead on input line 731.

\IEEEilabelindentA=\dimen108
\IEEEilabelindentB=\dimen109
\IEEEilabelindent=\dimen110
\IEEEelabelindent=\dimen111
\IEEEdlabelindent=\dimen112
\IEEElabelindent=\dimen113
\IEEEiednormlabelsep=\dimen114
\IEEEiedmathlabelsep=\dimen115
\IEEEiedtopsep=\skip41
\c@section=\count81
\c@subsection=\count82
\c@subsubsection=\count83
\c@paragraph=\count84
\c@IEEEsubequation=\count85
\abovecaptionskip=\skip42
\belowcaptionskip=\skip43
\c@figure=\count86
\c@table=\count87
\@IEEEeqnnumcols=\count88
\@IEEEeqncolcnt=\count89
\@IEEEtmpitemindent=\dimen116
\c@IEEEbiography=\count90
\@IEEEtranrubishbin=\box26
) (/usr/share/texlive/texmf-dist/tex/latex/fontspec/fontspec.sty
(/usr/share/texlive/texmf-dist/tex/latex/l3packages/xparse/xparse.sty
(/usr/share/texlive/texmf-dist/tex/latex/l3kernel/expl3.sty
Package: expl3 2018/02/21 L3 programming layer (loader) 

(/usr/share/texlive/texmf-dist/tex/latex/l3kernel/expl3-code.tex
Package: expl3 2018/02/21 L3 programming layer (code)
\c_max_int=\count91
\l_tmpa_int=\count92
\l_tmpb_int=\count93
\g_tmpa_int=\count94
\g_tmpb_int=\count95
\g__intarray_font_int=\count96
\g__prg_map_int=\count97
\c_log_iow=\count98
\l_iow_line_count_int=\count99
\l__iow_line_target_int=\count100
\l__iow_one_indent_int=\count101
\l__iow_indent_int=\count102
\c_zero_dim=\dimen117
\c_max_dim=\dimen118
\l_tmpa_dim=\dimen119
\l_tmpb_dim=\dimen120
\g_tmpa_dim=\dimen121
\g_tmpb_dim=\dimen122
\c_zero_skip=\skip44
\c_max_skip=\skip45
\l_tmpa_skip=\skip46
\l_tmpb_skip=\skip47
\g_tmpa_skip=\skip48
\g_tmpb_skip=\skip49
\c_zero_muskip=\muskip10
\c_max_muskip=\muskip11
\l_tmpa_muskip=\muskip12
\l_tmpb_muskip=\muskip13
\g_tmpa_muskip=\muskip14
\g_tmpb_muskip=\muskip15
\l_keys_choice_int=\count103
\c__fp_leading_shift_int=\count104
\c__fp_middle_shift_int=\count105
\c__fp_trailing_shift_int=\count106
\c__fp_big_leading_shift_int=\count107
\c__fp_big_middle_shift_int=\count108
\c__fp_big_trailing_shift_int=\count109
\c__fp_Bigg_leading_shift_int=\count110
\c__fp_Bigg_middle_shift_int=\count111
\c__fp_Bigg_trailing_shift_int=\count112
\l__sort_length_int=\count113
\l__sort_min_int=\count114
\l__sort_top_int=\count115
\l__sort_max_int=\count116
\l__sort_true_max_int=\count117
\l__sort_block_int=\count118
\l__sort_begin_int=\count119
\l__sort_end_int=\count120
\l__sort_A_int=\count121
\l__sort_B_int=\count122
\l__sort_C_int=\count123
\l__tl_build_start_index_int=\count124
\l__tl_build_index_int=\count125
\l__tl_analysis_normal_int=\count126
\l__tl_analysis_index_int=\count127
\l__tl_analysis_nesting_int=\count128
\l__tl_analysis_type_int=\count129
\l__regex_internal_a_int=\count130
\l__regex_internal_b_int=\count131
\l__regex_internal_c_int=\count132
\l__regex_balance_int=\count133
\l__regex_group_level_int=\count134
\l__regex_mode_int=\count135
\c__regex_cs_in_class_mode_int=\count136
\c__regex_cs_mode_int=\count137
\l__regex_catcodes_int=\count138
\l__regex_default_catcodes_int=\count139
\c__regex_catcode_L_int=\count140
\c__regex_catcode_O_int=\count141
\c__regex_catcode_A_int=\count142
\c__regex_all_catcodes_int=\count143
\l__regex_show_lines_int=\count144
\l__regex_min_state_int=\count145
\l__regex_max_state_int=\count146
\l__regex_left_state_int=\count147
\l__regex_right_state_int=\count148
\l__regex_capturing_group_int=\count149
\l__regex_min_pos_int=\count150
\l__regex_max_pos_int=\count151
\l__regex_curr_pos_int=\count152
\l__regex_start_pos_int=\count153
\l__regex_success_pos_int=\count154
\l__regex_curr_char_int=\count155
\l__regex_curr_catcode_int=\count156
\l__regex_last_char_int=\count157
\l__regex_case_changed_char_int=\count158
\l__regex_curr_state_int=\count159
\l__regex_step_int=\count160
\l__regex_min_active_int=\count161
\l__regex_max_active_int=\count162
\l__regex_replacement_csnames_int=\count163
\l__regex_match_count_int=\count164
\l__regex_min_submatch_int=\count165
\l__regex_submatch_int=\count166
\l__regex_zeroth_submatch_int=\count167
\g__regex_trace_regex_int=\count168
\c_empty_box=\box27
\l_tmpa_box=\box28
\l_tmpb_box=\box29
\g_tmpa_box=\box30
\g_tmpb_box=\box31
\l__box_top_dim=\dimen123
\l__box_bottom_dim=\dimen124
\l__box_left_dim=\dimen125
\l__box_right_dim=\dimen126
\l__box_top_new_dim=\dimen127
\l__box_bottom_new_dim=\dimen128
\l__box_left_new_dim=\dimen129
\l__box_right_new_dim=\dimen130
\l__box_internal_box=\box32
\l__coffin_internal_box=\box33
\l__coffin_internal_dim=\dimen131
\l__coffin_offset_x_dim=\dimen132
\l__coffin_offset_y_dim=\dimen133
\l__coffin_x_dim=\dimen134
\l__coffin_y_dim=\dimen135
\l__coffin_x_prime_dim=\dimen136
\l__coffin_y_prime_dim=\dimen137
\c_empty_coffin=\box34
\l__coffin_aligned_coffin=\box35
\l__coffin_aligned_internal_coffin=\box36
\l_tmpa_coffin=\box37
\l_tmpb_coffin=\box38
\l__coffin_display_coffin=\box39
\l__coffin_display_coord_coffin=\box40
\l__coffin_display_pole_coffin=\box41
\l__coffin_display_offset_dim=\dimen138
\l__coffin_display_x_dim=\dimen139
\l__coffin_display_y_dim=\dimen140
\l__coffin_bounding_shift_dim=\dimen141
\l__coffin_left_corner_dim=\dimen142
\l__coffin_right_corner_dim=\dimen143
\l__coffin_bottom_corner_dim=\dimen144
\l__coffin_top_corner_dim=\dimen145
\l__coffin_scaled_total_height_dim=\dimen146
\l__coffin_scaled_width_dim=\dimen147
)
(/usr/share/texlive/texmf-dist/tex/latex/l3kernel/l3xdvipdfmx.def
File: l3xdvidpfmx.def 2017/03/18 v L3 Experimental driver: xdvipdfmx
\g__driver_image_int=\count169
\l__driver_tmp_box=\box42
))
Package: xparse 2018/02/21 L3 Experimental document command parser
\l__xparse_current_arg_int=\count170
\g__xparse_grabber_int=\count171
\l__xparse_m_args_int=\count172
\l__xparse_mandatory_args_int=\count173
\l__xparse_v_nesting_int=\count174
)
Package: fontspec 2017/11/09 v2.6g Font selection for XeLaTeX and LuaLaTeX

(/usr/share/texlive/texmf-dist/tex/latex/fontspec/fontspec-xetex.sty
Package: fontspec-xetex 2017/11/09 v2.6g Font selection for XeLaTeX and LuaLaTe
X
\l__fontspec_script_int=\count175
\l__fontspec_language_int=\count176
\l__fontspec_strnum_int=\count177
\l__fontspec_tmp_int=\count178
\l__fontspec_em_int=\count179
\l__fontspec_emdef_int=\count180
\l__fontspec_strong_int=\count181
\l__fontspec_strongdef_int=\count182
\l__fontspec_tmpa_dim=\dimen148
\l__fontspec_tmpb_dim=\dimen149
\l__fontspec_tmpc_dim=\dimen150
\g__file_internal_ior=\read1

(/usr/share/texlive/texmf-dist/tex/latex/base/fontenc.sty
Package: fontenc 2017/04/05 v2.0i Standard LaTeX package

(/usr/share/texlive/texmf-dist/tex/latex/base/tuenc.def
File: tuenc.def 2017/04/05 v2.0i Standard LaTeX file
LaTeX Font Info:    Redeclaring font encoding TU on input line 82.
))
.................................................
. LaTeX info: "xparse/define-command"
. 
. Defining command \fontspec with sig. 'O{}mO{}' on line 542.
.................................................
.................................................
. LaTeX info: "xparse/define-command"
. 
. Defining command \setmainfont with sig. 'O{}mO{}' on line 546.
.................................................
.................................................
. LaTeX info: "xparse/define-command"
. 
. Defining command \setsansfont with sig. 'O{}mO{}' on line 550.
.................................................
.................................................
. LaTeX info: "xparse/define-command"
. 
. Defining command \setmonofont with sig. 'O{}mO{}' on line 554.
.................................................
.................................................
. LaTeX info: "xparse/define-command"
. 
. Defining command \setmathrm with sig. 'O{}mO{}' on line 558.
.................................................
.................................................
. LaTeX info: "xparse/define-command"
. 
. Defining command \setboldmathrm with sig. 'O{}mO{}' on line 562.
.................................................
.................................................
. LaTeX info: "xparse/define-command"
. 
. Defining command \setmathsf with sig. 'O{}mO{}' on line 566.
.................................................
.................................................
. LaTeX info: "xparse/define-command"
. 
. Defining command \setmathtt with sig. 'O{}mO{}' on line 570.
.................................................
.................................................
. LaTeX info: "xparse/define-command"
. 
. Defining command \setromanfont with sig. 'O{}mO{}' on line 574.
.................................................
.................................................
. LaTeX info: "xparse/define-command"
. 
. Defining command \newfontfamily with sig. 'mO{}mO{}' on line 578.
.................................................
.................................................
. LaTeX info: "xparse/define-command"
. 
. Defining command \newfontface with sig. 'mO{}mO{}' on line 582.
.................................................
.................................................
. LaTeX info: "xparse/define-command"
. 
. Defining command \defaultfontfeatures with sig. 't+om' on line 586.
.................................................
.................................................
. LaTeX info: "xparse/define-command"
. 
. Defining command \addfontfeatures with sig. 'm' on line 590.
.................................................
.................................................
. LaTeX info: "xparse/define-command"
. 
. Defining command \addfontfeature with sig. 'm' on line 594.
.................................................
.................................................
. LaTeX info: "xparse/define-command"
. 
. Defining command \newfontfeature with sig. 'mm' on line 598.
.................................................
.................................................
. LaTeX info: "xparse/define-command"
. 
. Defining command \newAATfeature with sig. 'mmmm' on line 602.
.................................................
.................................................
. LaTeX info: "xparse/define-command"
. 
. Defining command \newopentypefeature with sig. 'mmm' on line 606.
.................................................
.................................................
. LaTeX info: "xparse/define-command"
. 
. Defining command \newICUfeature with sig. 'mmm' on line 610.
.................................................
.................................................
. LaTeX info: "xparse/define-command"
. 
. Defining command \aliasfontfeature with sig. 'mm' on line 614.
.................................................
.................................................
. LaTeX info: "xparse/define-command"
. 
. Defining command \aliasfontfeatureoption with sig. 'mmm' on line 618.
.................................................
.................................................
. LaTeX info: "xparse/define-command"
. 
. Defining command \newfontscript with sig. 'mm' on line 622.
.................................................
.................................................
. LaTeX info: "xparse/define-command"
. 
. Defining command \newfontlanguage with sig. 'mm' on line 626.
.................................................
.................................................
. LaTeX info: "xparse/define-command"
. 
. Defining command \DeclareFontsExtensions with sig. 'm' on line 630.
.................................................
.................................................
. LaTeX info: "xparse/define-command"
. 
. Defining command \IfFontFeatureActiveTF with sig. 'mmm' on line 634.
.................................................
.................................................
. LaTeX info: "xparse/define-command"
. 
. Defining command \EncodingCommand with sig. 'mO{}m' on line 3632.
.................................................
.................................................
. LaTeX info: "xparse/define-command"
. 
. Defining command \EncodingAccent with sig. 'mm' on line 3638.
.................................................
.................................................
. LaTeX info: "xparse/define-command"
. 
. Defining command \EncodingSymbol with sig. 'mm' on line 3644.
.................................................
.................................................
. LaTeX info: "xparse/define-command"
. 
. Defining command \EncodingComposite with sig. 'mmm' on line 3650.
.................................................
.................................................
. LaTeX info: "xparse/define-command"
. 
. Defining command \EncodingCompositeCommand with sig. 'mmm' on line 3656.
.................................................
.................................................
. LaTeX info: "xparse/define-command"
. 
. Defining command \DeclareUnicodeEncoding with sig. 'mm' on line 3681.
.................................................
.................................................
. LaTeX info: "xparse/define-command"
. 
. Defining command \UndeclareSymbol with sig. 'm' on line 3687.
.................................................
.................................................
. LaTeX info: "xparse/define-command"
. 
. Defining command \UndeclareAccent with sig. 'm' on line 3693.
.................................................
.................................................
. LaTeX info: "xparse/define-command"
. 
. Defining command \UndeclareCommand with sig. 'm' on line 3699.
.................................................
.................................................
. LaTeX info: "xparse/define-command"
. 
. Defining command \UndeclareComposite with sig. 'mm' on line 3706.
.................................................

(/usr/share/texlive/texmf-dist/tex/latex/fontspec/fontspec.cfg)
LaTeX Info: Redefining \itshape on input line 3891.
LaTeX Info: Redefining \slshape on input line 3896.
LaTeX Info: Redefining \scshape on input line 3901.
LaTeX Info: Redefining \upshape on input line 3906.
LaTeX Info: Redefining \em on input line 3936.
LaTeX Info: Redefining \emph on input line 3961.
LaTeX Info: Redefining \- on input line 4015.
.................................................
. LaTeX info: "xparse/redefine-command"
. 
. Redefining command \oldstylenums with sig. 'm' on line 4110.
.................................................
.................................................
. LaTeX info: "xparse/define-command"
. 
. Defining command \liningnums with sig. 'm' on line 4114.
.................................................
))
(/usr/share/texlive/texmf-dist/tex/latex/tools/array.sty
Package: array 2016/10/06 v2.4d Tabular extension package (FMi)
\col@sep=\dimen151
\extrarowheight=\dimen152
\NC@list=\toks15
\extratabsurround=\skip50
\backup@length=\skip51
)
(/usr/share/texlive/texmf-dist/tex/latex/tools/tabularx.sty
Package: tabularx 2016/02/03 v2.11 `tabularx' package (DPC)
\TX@col@width=\dimen153
\TX@old@table=\dimen154
\TX@old@col=\dimen155
\TX@target=\dimen156
\TX@delta=\dimen157
\TX@cols=\count183
\TX@ftn=\toks16
)
(/usr/share/texlive/texmf-dist/tex/latex/multirow/multirow.sty
Package: multirow 2016/11/25 v2.2 Span multiple rows of a table
\multirow@colwidth=\skip52
\multirow@cntb=\count184
\multirow@dima=\skip53
\bigstrutjot=\dimen158
)
\g__fontspec_family_LKLUG_int=\count185
.................................................
. fontspec info: "no-font-shape"
. 
. Could not resolve font "LKLUG/BI" (it probably doesn't exist).
.................................................
.................................................
. fontspec info: "no-font-shape"
. 
. Could not resolve font "LKLUG/B" (it probably doesn't exist).
.................................................
.................................................
. fontspec info: "no-font-shape"
. 
. Could not resolve font "LKLUG/I" (it probably doesn't exist).
.................................................
.................................................
. fontspec info: "defining-font"
. 
. Font family 'LKLUG(0)' created for font 'LKLUG' with options
. [Script=Sinhala].
.  
.  This font family consists of the following NFSS series/shapes:
.  
. - 'normal' (m/n) with NFSS spec.: <->"LKLUG/OT:script=sinh;language=DFLT;"
. - 'small caps'  (m/sc) with NFSS spec.: 
.................................................
\g__fontspec_family_Lohit-Tamil_int=\count186
.................................................
. fontspec info: "no-font-shape"
. 
. Could not resolve font "Lohit-Tamil/BI" (it probably doesn't exist).
.................................................
.................................................
. fontspec info: "no-font-shape"
. 
. Could not resolve font "Lohit-Tamil/B" (it probably doesn't exist).
.................................................
.................................................
. fontspec info: "no-font-shape"
. 
. Could not resolve font "Lohit-Tamil/I" (it probably doesn't exist).
.................................................
.................................................
. fontspec info: "defining-font"
. 
. Font family 'Lohit-Tamil(0)' created for font 'Lohit-Tamil' with options
. [Script=Tamil].
.  
.  This font family consists of the following NFSS series/shapes:
.  
. - 'normal' (m/n) with NFSS spec.:
. <->"Lohit-Tamil/OT:script=taml;language=DFLT;"
. - 'small caps'  (m/sc) with NFSS spec.: 
.................................................

(./bare_conf.aux

LaTeX Warning: Label `IEEEhowto:kopka' multiply defined.


LaTeX Warning: Label `IEEEhowto:kopka' multiply defined.


LaTeX Warning: Label `IEEEhowto:kopka' multiply defined.


LaTeX Warning: Label `IEEEhowto:kopka' multiply defined.


LaTeX Warning: Label `IEEEhowto:kopka' multiply defined.


LaTeX Warning: Label `IEEEhowto:kopka' multiply defined.


LaTeX Warning: Label `IEEEhowto:kopka' multiply defined.


LaTeX Warning: Label `IEEEhowto:kopka' multiply defined.


LaTeX Warning: Label `IEEEhowto:kopka' multiply defined.


LaTeX Warning: Label `IEEEhowto:kopka' multiply defined.


LaTeX Warning: Label `IEEEhowto:kopka' multiply defined.


LaTeX Warning: Label `IEEEhowto:kopka' multiply defined.


LaTeX Warning: Label `IEEEhowto:kopka' multiply defined.


LaTeX Warning: Label `IEEEhowto:kopka' multiply defined.


LaTeX Warning: Label `IEEEhowto:kopka' multiply defined.


LaTeX Warning: Label `IEEEhowto:kopka' multiply defined.


LaTeX Warning: Label `IEEEhowto:kopka' multiply defined.


LaTeX Warning: Label `IEEEhowto:kopka' multiply defined.


LaTeX Warning: Label `IEEEhowto:kopka' multiply defined.


LaTeX Warning: Label `IEEEhowto:kopka' multiply defined.

)
\openout1 = `bare_conf.aux'.

LaTeX Font Info:    Checking defaults for OML/cmm/m/it on input line 357.
LaTeX Font Info:    ... okay on input line 357.
LaTeX Font Info:    Checking defaults for T1/cmr/m/n on input line 357.
LaTeX Font Info:    ... okay on input line 357.
LaTeX Font Info:    Checking defaults for OT1/cmr/m/n on input line 357.
LaTeX Font Info:    ... okay on input line 357.
LaTeX Font Info:    Checking defaults for OMS/cmsy/m/n on input line 357.
LaTeX Font Info:    ... okay on input line 357.
LaTeX Font Info:    Checking defaults for TU/lmr/m/n on input line 357.
LaTeX Font Info:    ... okay on input line 357.
LaTeX Font Info:    Checking defaults for OMX/cmex/m/n on input line 357.
LaTeX Font Info:    ... okay on input line 357.
LaTeX Font Info:    Checking defaults for U/cmr/m/n on input line 357.
LaTeX Font Info:    ... okay on input line 357.
.................................................
. fontspec info: "setup-math"
. 
. Adjusting the maths setup (use [no-math] to avoid this).
.................................................
\symlegacymaths=\mathgroup4
LaTeX Font Info:    Overwriting symbol font `legacymaths' in version `bold'
(Font)                  OT1/cmr/m/n --> OT1/cmr/bx/n on input line 357.
LaTeX Font Info:    Redeclaring math accent \acute on input line 357.
LaTeX Font Info:    Redeclaring math accent \grave on input line 357.
LaTeX Font Info:    Redeclaring math accent \ddot on input line 357.
LaTeX Font Info:    Redeclaring math accent \tilde on input line 357.
LaTeX Font Info:    Redeclaring math accent \bar on input line 357.
LaTeX Font Info:    Redeclaring math accent \breve on input line 357.
LaTeX Font Info:    Redeclaring math accent \check on input line 357.
LaTeX Font Info:    Redeclaring math accent \hat on input line 357.
LaTeX Font Info:    Redeclaring math accent \dot on input line 357.
LaTeX Font Info:    Redeclaring math accent \mathring on input line 357.
LaTeX Font Info:    Redeclaring math symbol \colon on input line 357.
LaTeX Font Info:    Redeclaring math symbol \Gamma on input line 357.
LaTeX Font Info:    Redeclaring math symbol \Delta on input line 357.
LaTeX Font Info:    Redeclaring math symbol \Theta on input line 357.
LaTeX Font Info:    Redeclaring math symbol \Lambda on input line 357.
LaTeX Font Info:    Redeclaring math symbol \Xi on input line 357.
LaTeX Font Info:    Redeclaring math symbol \Pi on input line 357.
LaTeX Font Info:    Redeclaring math symbol \Sigma on input line 357.
LaTeX Font Info:    Redeclaring math symbol \Upsilon on input line 357.
LaTeX Font Info:    Redeclaring math symbol \Phi on input line 357.
LaTeX Font Info:    Redeclaring math symbol \Psi on input line 357.
LaTeX Font Info:    Redeclaring math symbol \Omega on input line 357.
LaTeX Font Info:    Redeclaring math symbol \mathdollar on input line 357.
LaTeX Font Info:    Redeclaring symbol font `operators' on input line 357.
LaTeX Font Info:    Encoding `OT1' has changed to `TU' for symbol font
(Font)              `operators' in the math version `normal' on input line 357.

LaTeX Font Info:    Overwriting symbol font `operators' in version `normal'
(Font)                  OT1/cmr/m/n --> TU/lmr/m/n on input line 357.
LaTeX Font Info:    Encoding `OT1' has changed to `TU' for symbol font
(Font)              `operators' in the math version `bold' on input line 357.
LaTeX Font Info:    Overwriting symbol font `operators' in version `bold'
(Font)                  OT1/cmr/bx/n --> TU/lmr/m/n on input line 357.
LaTeX Font Info:    Overwriting symbol font `operators' in version `normal'
(Font)                  TU/lmr/m/n --> TU/lmr/m/n on input line 357.
LaTeX Font Info:    Overwriting math alphabet `\mathit' in version `normal'
(Font)                  OT1/cmr/m/it --> TU/lmr/m/it on input line 357.
LaTeX Font Info:    Overwriting math alphabet `\mathbf' in version `normal'
(Font)                  OT1/cmr/bx/n --> TU/lmr/bx/n on input line 357.
LaTeX Font Info:    Overwriting math alphabet `\mathsf' in version `normal'
(Font)                  OT1/cmss/m/n --> TU/lmss/m/n on input line 357.
LaTeX Font Info:    Overwriting math alphabet `\mathtt' in version `normal'
(Font)                  OT1/cmtt/m/n --> TU/lmtt/m/n on input line 357.
LaTeX Font Info:    Overwriting symbol font `operators' in version `bold'
(Font)                  TU/lmr/m/n --> TU/lmr/bx/n on input line 357.
LaTeX Font Info:    Overwriting math alphabet `\mathit' in version `bold'
(Font)                  OT1/cmr/bx/it --> TU/lmr/bx/it on input line 357.
LaTeX Font Info:    Overwriting math alphabet `\mathsf' in version `bold'
(Font)                  OT1/cmss/bx/n --> TU/lmss/bx/n on input line 357.
LaTeX Font Info:    Overwriting math alphabet `\mathtt' in version `bold'
(Font)                  OT1/cmtt/m/n --> TU/lmtt/bx/n on input line 357.

Underfull \hbox (badness 10000) in paragraph at lines 377--379
[]\TU/lmr/bx/it/9 Keywords\TU/lmr/bx/n/9 -statistical machine translation;
 []

LaTeX Font Info:    External font `cmex10' loaded for size
(Font)              <7> on input line 393.
LaTeX Font Info:    External font `cmex10' loaded for size
(Font)              <5> on input line 393.
LaTeX Font Info:    External font `cmex10' loaded for size
(Font)              <8> on input line 393.
LaTeX Font Info:    External font `cmex10' loaded for size
(Font)              <6> on input line 393.
[1


] [2] [3]
Missing character: There is no ʌ in font [lmroman8-regular]:mapping=tex-text;!
Missing character: There is no ʌ in font [lmroman8-regular]:mapping=tex-text;!
Missing character: There is no ʊ in font [lmroman8-regular]:mapping=tex-text;!
Missing character: There is no ʌ in font [lmroman8-regular]:mapping=tex-text;!
Missing character: There is no ʌ in font [lmroman8-regular]:mapping=tex-text;!
Missing character: There is no ʌ in font [lmroman8-regular]:mapping=tex-text;!
Missing character: There is no ʊ in font [lmroman8-regular]:mapping=tex-text;!
Missing character: There is no ʌ in font [lmroman8-regular]:mapping=tex-text;!
Missing character: There is no ʃ in font [lmroman8-regular]:mapping=tex-text;!
Missing character: There is no ʌ in font [lmroman8-regular]:mapping=tex-text;!
Missing character: There is no ɑ in font [lmroman8-regular]:mapping=tex-text;!
Missing character: There is no ː in font [lmroman8-regular]:mapping=tex-text;!
Missing character: There is no ʃ in font [lmroman8-regular]:mapping=tex-text;!
Missing character: There is no ɑ in font [lmroman8-regular]:mapping=tex-text;!
Missing character: There is no ː in font [lmroman8-regular]:mapping=tex-text;!
Missing character: There is no ɑ in font [lmroman8-regular]:mapping=tex-text;!
Missing character: There is no ː in font [lmroman8-regular]:mapping=tex-text;!
Missing character: There is no ʃ in font [lmroman8-regular]:mapping=tex-text;!
Missing character: There is no ʌ in font [lmroman8-regular]:mapping=tex-text;!
Missing character: There is no ʌ in font [lmroman8-regular]:mapping=tex-text;!
Missing character: There is no ː in font [lmroman8-regular]:mapping=tex-text;!
Missing character: There is no ʌ in font [lmroman8-regular]:mapping=tex-text;!
Missing character: There is no ʌ in font [lmroman8-regular]:mapping=tex-text;!
Missing character: There is no ʤ in font [lmroman8-regular]:mapping=tex-text;!
Missing character: There is no ʥ in font [lmroman8-regular]:mapping=tex-text;!
Missing character: There is no ː in font [lmroman8-regular]:mapping=tex-text;!
Missing character: There is no ʌ in font [lmroman8-regular]:mapping=tex-text;!
Missing character: There is no ɑ in font [lmroman8-regular]:mapping=tex-text;!
Missing character: There is no ː in font [lmroman8-regular]:mapping=tex-text;!
Missing character: There is no ʤ in font [lmroman8-regular]:mapping=tex-text;!
Missing character: There is no ʥ in font [lmroman8-regular]:mapping=tex-text;!
Missing character: There is no ʌ in font [lmroman8-regular]:mapping=tex-text;!
Missing character: There is no ʈ in font [lmroman8-regular]:mapping=tex-text;!
Missing character: There is no ɑ in font [lmroman8-regular]:mapping=tex-text;!
Missing character: There is no ː in font [lmroman8-regular]:mapping=tex-text;!
Missing character: There is no ʌ in font [lmroman8-regular]:mapping=tex-text;!
Missing character: There is no ʈ in font [lmroman8-regular]:mapping=tex-text;!
Missing character: There is no ʌ in font [lmroman8-regular]:mapping=tex-text;!
Missing character: There is no ʌ in font [lmroman8-regular]:mapping=tex-text;!
Missing character: There is no ʊ in font [lmroman8-regular]:mapping=tex-text;!
Missing character: There is no ʌ in font [lmroman8-regular]:mapping=tex-text;!
Missing character: There is no ʌ in font [lmroman8-regular]:mapping=tex-text;!
Missing character: There is no ʌ in font [lmroman8-regular]:mapping=tex-text;!
Missing character: There is no ʊ in font [lmroman8-regular]:mapping=tex-text;!
Missing character: There is no ʌ in font [lmroman8-regular]:mapping=tex-text;!
Missing character: There is no ʃ in font [lmroman8-regular]:mapping=tex-text;!
Missing character: There is no ʌ in font [lmroman8-regular]:mapping=tex-text;!
Missing character: There is no ɑ in font [lmroman8-regular]:mapping=tex-text;!
Missing character: There is no ː in font [lmroman8-regular]:mapping=tex-text;!
Missing character: There is no ʃ in font [lmroman8-regular]:mapping=tex-text;!
Missing character: There is no ɑ in font [lmroman8-regular]:mapping=tex-text;!
Missing character: There is no ː in font [lmroman8-regular]:mapping=tex-text;!
Missing character: There is no ɑ in font [lmroman8-regular]:mapping=tex-text;!
Missing character: There is no ː in font [lmroman8-regular]:mapping=tex-text;!
Missing character: There is no ʃ in font [lmroman8-regular]:mapping=tex-text;!
Missing character: There is no ʌ in font [lmroman8-regular]:mapping=tex-text;!
Missing character: There is no ʌ in font [lmroman8-regular]:mapping=tex-text;!
Missing character: There is no ː in font [lmroman8-regular]:mapping=tex-text;!
Missing character: There is no ʌ in font [lmroman8-regular]:mapping=tex-text;!
Missing character: There is no ʌ in font [lmroman8-regular]:mapping=tex-text;!
Missing character: There is no ʤ in font [lmroman8-regular]:mapping=tex-text;!
Missing character: There is no ʥ in font [lmroman8-regular]:mapping=tex-text;!
Missing character: There is no ː in font [lmroman8-regular]:mapping=tex-text;!
Missing character: There is no ʌ in font [lmroman8-regular]:mapping=tex-text;!
Missing character: There is no ɑ in font [lmroman8-regular]:mapping=tex-text;!
Missing character: There is no ː in font [lmroman8-regular]:mapping=tex-text;!
Missing character: There is no ʤ in font [lmroman8-regular]:mapping=tex-text;!
Missing character: There is no ʥ in font [lmroman8-regular]:mapping=tex-text;!
Missing character: There is no ʌ in font [lmroman8-regular]:mapping=tex-text;!
Missing character: There is no ʈ in font [lmroman8-regular]:mapping=tex-text;!
Missing character: There is no ɑ in font [lmroman8-regular]:mapping=tex-text;!
Missing character: There is no ː in font [lmroman8-regular]:mapping=tex-text;!
Missing character: There is no ʌ in font [lmroman8-regular]:mapping=tex-text;!
Missing character: There is no ʈ in font [lmroman8-regular]:mapping=tex-text;!
Missing character: There is no ʌ in font [lmroman8-regular]:mapping=tex-text;!
Missing character: There is no ʌ in font [lmroman8-regular]:mapping=tex-text;!
Missing character: There is no ʊ in font [lmroman8-regular]:mapping=tex-text;!
Missing character: There is no ʌ in font [lmroman8-regular]:mapping=tex-text;!
Missing character: There is no ʌ in font [lmroman8-regular]:mapping=tex-text;!
Missing character: There is no ʌ in font [lmroman8-regular]:mapping=tex-text;!
Missing character: There is no ʊ in font [lmroman8-regular]:mapping=tex-text;!
Missing character: There is no ʌ in font [lmroman8-regular]:mapping=tex-text;!
Missing character: There is no ʃ in font [lmroman8-regular]:mapping=tex-text;!
Missing character: There is no ʌ in font [lmroman8-regular]:mapping=tex-text;!
Missing character: There is no ɑ in font [lmroman8-regular]:mapping=tex-text;!
Missing character: There is no ː in font [lmroman8-regular]:mapping=tex-text;!
Missing character: There is no ʃ in font [lmroman8-regular]:mapping=tex-text;!
Missing character: There is no ɑ in font [lmroman8-regular]:mapping=tex-text;!
Missing character: There is no ː in font [lmroman8-regular]:mapping=tex-text;!
Missing character: There is no ɑ in font [lmroman8-regular]:mapping=tex-text;!
Missing character: There is no ː in font [lmroman8-regular]:mapping=tex-text;!
Missing character: There is no ʃ in font [lmroman8-regular]:mapping=tex-text;!
Missing character: There is no ʌ in font [lmroman8-regular]:mapping=tex-text;!
Missing character: There is no ʌ in font [lmroman8-regular]:mapping=tex-text;!
Missing character: There is no ː in font [lmroman8-regular]:mapping=tex-text;!
Missing character: There is no ʌ in font [lmroman8-regular]:mapping=tex-text;!
Missing character: There is no ʌ in font [lmroman8-regular]:mapping=tex-text;!
Missing character: There is no ʤ in font [lmroman8-regular]:mapping=tex-text;!
Missing character: There is no ʥ in font [lmroman8-regular]:mapping=tex-text;!
Missing character: There is no ː in font [lmroman8-regular]:mapping=tex-text;!
Missing character: There is no ʌ in font [lmroman8-regular]:mapping=tex-text;!
Missing character: There is no ɑ in font [lmroman8-regular]:mapping=tex-text;!
Missing character: There is no ː in font [lmroman8-regular]:mapping=tex-text;!
Missing character: There is no ʤ in font [lmroman8-regular]:mapping=tex-text;!
Missing character: There is no ʥ in font [lmroman8-regular]:mapping=tex-text;!
Missing character: There is no ʌ in font [lmroman8-regular]:mapping=tex-text;!
Missing character: There is no ʈ in font [lmroman8-regular]:mapping=tex-text;!
Missing character: There is no ɑ in font [lmroman8-regular]:mapping=tex-text;!
Missing character: There is no ː in font [lmroman8-regular]:mapping=tex-text;!
Missing character: There is no ʌ in font [lmroman8-regular]:mapping=tex-text;!
Missing character: There is no ʈ in font [lmroman8-regular]:mapping=tex-text;!
Missing character: There is no ɑ in font [lmroman8-regular]:mapping=tex-text;!
Missing character: There is no ː in font [lmroman8-regular]:mapping=tex-text;!
Missing character: There is no ʌ in font [lmroman8-regular]:mapping=tex-text;!
Missing character: There is no ɑ in font [lmroman8-regular]:mapping=tex-text;!
Missing character: There is no ː in font [lmroman8-regular]:mapping=tex-text;!
Missing character: There is no ʌ in font [lmroman8-regular]:mapping=tex-text;!
Missing character: There is no ʌ in font [lmroman8-regular]:mapping=tex-text;!
Missing character: There is no ɑ in font [lmroman8-regular]:mapping=tex-text;!
Missing character: There is no ː in font [lmroman8-regular]:mapping=tex-text;!
Missing character: There is no ɾ in font [lmroman8-regular]:mapping=tex-text;!
Missing character: There is no ̪ in font [lmroman8-regular]:mapping=tex-text;!
Missing character: There is no ː in font [lmroman8-regular]:mapping=tex-text;!
Missing character: There is no ̪ in font [lmroman8-regular]:mapping=tex-text;!
Missing character: There is no ː in font [lmroman8-regular]:mapping=tex-text;!
Missing character: There is no ̪ in font [lmroman8-regular]:mapping=tex-text;!
Missing character: There is no ː in font [lmroman8-regular]:mapping=tex-text;!
Missing character: There is no ː in font [lmroman8-regular]:mapping=tex-text;!
Missing character: There is no ɾ in font [lmroman8-regular]:mapping=tex-text;!
Missing character: There is no ̪ in font [lmroman8-regular]:mapping=tex-text;!
Missing character: There is no ː in font [lmroman8-regular]:mapping=tex-text;!
Missing character: There is no ̪ in font [lmroman8-regular]:mapping=tex-text;!
Missing character: There is no ː in font [lmroman8-regular]:mapping=tex-text;!
Missing character: There is no ̪ in font [lmroman8-regular]:mapping=tex-text;!
Missing character: There is no ː in font [lmroman8-regular]:mapping=tex-text;!
Missing character: There is no ː in font [lmroman8-regular]:mapping=tex-text;!
Missing character: There is no ʋ in font [lmroman8-regular]:mapping=tex-text;!
Missing character: There is no ː in font [lmroman8-regular]:mapping=tex-text;!
Missing character: There is no ʊ in font [lmroman8-regular]:mapping=tex-text;!
Missing character: There is no ɑ in font [lmroman8-regular]:mapping=tex-text;!
Missing character: There is no ː in font [lmroman8-regular]:mapping=tex-text;!
Missing character: There is no ʋ in font [lmroman8-regular]:mapping=tex-text;!
Missing character: There is no ː in font [lmroman8-regular]:mapping=tex-text;!
Missing character: There is no ̪ in font [lmroman8-regular]:mapping=tex-text;!
Missing character: There is no ː in font [lmroman8-regular]:mapping=tex-text;!
Missing character: There is no ʋ in font [lmroman8-regular]:mapping=tex-text;!
Missing character: There is no ː in font [lmroman8-regular]:mapping=tex-text;!
Missing character: There is no ̪ in font [lmroman8-regular]:mapping=tex-text;!
Missing character: There is no ː in font [lmroman8-regular]:mapping=tex-text;!
Missing character: There is no ʋ in font [lmroman8-regular]:mapping=tex-text;!
Missing character: There is no ʌ in font [lmroman8-regular]:mapping=tex-text;!
Missing character: There is no ɑ in font [lmroman8-regular]:mapping=tex-text;!
Missing character: There is no ː in font [lmroman8-regular]:mapping=tex-text;!
Missing character: There is no ʤ in font [lmroman8-regular]:mapping=tex-text;!
Missing character: There is no ʥ in font [lmroman8-regular]:mapping=tex-text;!
Missing character: There is no ɑ in font [lmroman8-regular]:mapping=tex-text;!
Missing character: There is no ː in font [lmroman8-regular]:mapping=tex-text;!
Missing character: There is no ̪ in font [lmroman8-regular]:mapping=tex-text;!
Missing character: There is no ʋ in font [lmroman8-regular]:mapping=tex-text;!
Missing character: There is no ɾ in font [lmroman8-regular]:mapping=tex-text;!
Missing character: There is no ̪ in font [lmroman8-regular]:mapping=tex-text;!
Missing character: There is no ː in font [lmroman8-regular]:mapping=tex-text;!
Missing character: There is no ͡ in font [lmroman8-regular]:mapping=tex-text;!
Missing character: There is no ʒ in font [lmroman8-regular]:mapping=tex-text;!
Missing character: There is no ː in font [lmroman8-regular]:mapping=tex-text;!
Missing character: There is no ̪ in font [lmroman8-regular]:mapping=tex-text;!
Missing character: There is no ʋ in font [lmroman8-regular]:mapping=tex-text;!
Missing character: There is no ɾ in font [lmroman8-regular]:mapping=tex-text;!
Missing character: There is no ̪ in font [lmroman8-regular]:mapping=tex-text;!
Missing character: There is no ː in font [lmroman8-regular]:mapping=tex-text;!
Missing character: There is no ː in font [lmroman8-regular]:mapping=tex-text;!
Missing character: There is no ʋ in font [lmroman8-regular]:mapping=tex-text;!
Missing character: There is no ʊ in font [lmroman8-regular]:mapping=tex-text;!
Missing character: There is no ʋ in font [lmroman8-regular]:mapping=tex-text;!
Missing character: There is no ː in font [lmroman8-regular]:mapping=tex-text;!
Missing character: There is no ʋ in font [lmroman8-regular]:mapping=tex-text;!
Missing character: There is no ʌ in font [lmroman8-regular]:mapping=tex-text;!
Missing character: There is no ɾ in font [lmroman8-regular]:mapping=tex-text;!
Missing character: There is no ̪ in font [lmroman8-regular]:mapping=tex-text;!
Missing character: There is no ː in font [lmroman8-regular]:mapping=tex-text;!
Missing character: There is no ɾ in font [lmroman8-regular]:mapping=tex-text;!
Missing character: There is no ̪ in font [lmroman8-regular]:mapping=tex-text;!
Missing character: There is no ɾ in font [lmroman8-regular]:mapping=tex-text;!
Missing character: There is no ̪ in font [lmroman8-regular]:mapping=tex-text;!
Missing character: There is no ː in font [lmroman8-regular]:mapping=tex-text;!
Missing character: There is no ɾ in font [lmroman8-regular]:mapping=tex-text;!
Missing character: There is no ̪ in font [lmroman8-regular]:mapping=tex-text;!
Missing character: There is no ɑ in font [lmroman8-regular]:mapping=tex-text;!
Missing character: There is no ː in font [lmroman8-regular]:mapping=tex-text;!
Missing character: There is no ʌ in font [lmroman8-regular]:mapping=tex-text;!
Missing character: There is no ɑ in font [lmroman8-regular]:mapping=tex-text;!
Missing character: There is no ː in font [lmroman8-regular]:mapping=tex-text;!
Missing character: There is no ʌ in font [lmroman8-regular]:mapping=tex-text;!
Missing character: There is no ʌ in font [lmroman8-regular]:mapping=tex-text;!
Missing character: There is no ɑ in font [lmroman8-regular]:mapping=tex-text;!
Missing character: There is no ː in font [lmroman8-regular]:mapping=tex-text;!
Missing character: There is no ɾ in font [lmroman8-regular]:mapping=tex-text;!
Missing character: There is no ̪ in font [lmroman8-regular]:mapping=tex-text;!
Missing character: There is no ː in font [lmroman8-regular]:mapping=tex-text;!
Missing character: There is no ̪ in font [lmroman8-regular]:mapping=tex-text;!
Missing character: There is no ː in font [lmroman8-regular]:mapping=tex-text;!
Missing character: There is no ̪ in font [lmroman8-regular]:mapping=tex-text;!
Missing character: There is no ː in font [lmroman8-regular]:mapping=tex-text;!
Missing character: There is no ː in font [lmroman8-regular]:mapping=tex-text;!
Missing character: There is no ɾ in font [lmroman8-regular]:mapping=tex-text;!
Missing character: There is no ̪ in font [lmroman8-regular]:mapping=tex-text;!
Missing character: There is no ː in font [lmroman8-regular]:mapping=tex-text;!
Missing character: There is no ̪ in font [lmroman8-regular]:mapping=tex-text;!
Missing character: There is no ː in font [lmroman8-regular]:mapping=tex-text;!
Missing character: There is no ̪ in font [lmroman8-regular]:mapping=tex-text;!
Missing character: There is no ː in font [lmroman8-regular]:mapping=tex-text;!
Missing character: There is no ː in font [lmroman8-regular]:mapping=tex-text;!
Missing character: There is no ʋ in font [lmroman8-regular]:mapping=tex-text;!
Missing character: There is no ː in font [lmroman8-regular]:mapping=tex-text;!
Missing character: There is no ʊ in font [lmroman8-regular]:mapping=tex-text;!
Missing character: There is no ɑ in font [lmroman8-regular]:mapping=tex-text;!
Missing character: There is no ː in font [lmroman8-regular]:mapping=tex-text;!
Missing character: There is no ʋ in font [lmroman8-regular]:mapping=tex-text;!
Missing character: There is no ː in font [lmroman8-regular]:mapping=tex-text;!
Missing character: There is no ̪ in font [lmroman8-regular]:mapping=tex-text;!
Missing character: There is no ː in font [lmroman8-regular]:mapping=tex-text;!
Missing character: There is no ʋ in font [lmroman8-regular]:mapping=tex-text;!
Missing character: There is no ː in font [lmroman8-regular]:mapping=tex-text;!
Missing character: There is no ̪ in font [lmroman8-regular]:mapping=tex-text;!
Missing character: There is no ː in font [lmroman8-regular]:mapping=tex-text;!
Missing character: There is no ʋ in font [lmroman8-regular]:mapping=tex-text;!
Missing character: There is no ʌ in font [lmroman8-regular]:mapping=tex-text;!
Missing character: There is no ɑ in font [lmroman8-regular]:mapping=tex-text;!
Missing character: There is no ː in font [lmroman8-regular]:mapping=tex-text;!
Missing character: There is no ʤ in font [lmroman8-regular]:mapping=tex-text;!
Missing character: There is no ʥ in font [lmroman8-regular]:mapping=tex-text;!
Missing character: There is no ɑ in font [lmroman8-regular]:mapping=tex-text;!
Missing character: There is no ː in font [lmroman8-regular]:mapping=tex-text;!
Missing character: There is no ̪ in font [lmroman8-regular]:mapping=tex-text;!
Missing character: There is no ʋ in font [lmroman8-regular]:mapping=tex-text;!
Missing character: There is no ɾ in font [lmroman8-regular]:mapping=tex-text;!
Missing character: There is no ̪ in font [lmroman8-regular]:mapping=tex-text;!
Missing character: There is no ː in font [lmroman8-regular]:mapping=tex-text;!
Missing character: There is no ͡ in font [lmroman8-regular]:mapping=tex-text;!
Missing character: There is no ʒ in font [lmroman8-regular]:mapping=tex-text;!
Missing character: There is no ː in font [lmroman8-regular]:mapping=tex-text;!
Missing character: There is no ̪ in font [lmroman8-regular]:mapping=tex-text;!
Missing character: There is no ʋ in font [lmroman8-regular]:mapping=tex-text;!
Missing character: There is no ɾ in font [lmroman8-regular]:mapping=tex-text;!
Missing character: There is no ̪ in font [lmroman8-regular]:mapping=tex-text;!
Missing character: There is no ː in font [lmroman8-regular]:mapping=tex-text;!
Missing character: There is no ː in font [lmroman8-regular]:mapping=tex-text;!
Missing character: There is no ʋ in font [lmroman8-regular]:mapping=tex-text;!
Missing character: There is no ʊ in font [lmroman8-regular]:mapping=tex-text;!
Missing character: There is no ʋ in font [lmroman8-regular]:mapping=tex-text;!
Missing character: There is no ː in font [lmroman8-regular]:mapping=tex-text;!
Missing character: There is no ʋ in font [lmroman8-regular]:mapping=tex-text;!
Missing character: There is no ʌ in font [lmroman8-regular]:mapping=tex-text;!
Missing character: There is no ɾ in font [lmroman8-regular]:mapping=tex-text;!
Missing character: There is no ̪ in font [lmroman8-regular]:mapping=tex-text;!
Missing character: There is no ː in font [lmroman8-regular]:mapping=tex-text;!
Missing character: There is no ɾ in font [lmroman8-regular]:mapping=tex-text;!
Missing character: There is no ̪ in font [lmroman8-regular]:mapping=tex-text;!
Missing character: There is no ɾ in font [lmroman8-regular]:mapping=tex-text;!
Missing character: There is no ̪ in font [lmroman8-regular]:mapping=tex-text;!
Missing character: There is no ː in font [lmroman8-regular]:mapping=tex-text;!
Missing character: There is no ɾ in font [lmroman8-regular]:mapping=tex-text;!
Missing character: There is no ̪ in font [lmroman8-regular]:mapping=tex-text;!

Underfull \hbox (badness 10000) in paragraph at lines 529--529
[]|\TU/lmr/m/n/8 Input name in
 []

Missing character: There is no ɑ in font [lmroman8-regular]:mapping=tex-text;!
Missing character: There is no ː in font [lmroman8-regular]:mapping=tex-text;!
Missing character: There is no ʌ in font [lmroman8-regular]:mapping=tex-text;!
Missing character: There is no ɑ in font [lmroman8-regular]:mapping=tex-text;!
Missing character: There is no ː in font [lmroman8-regular]:mapping=tex-text;!
Missing character: There is no ʌ in font [lmroman8-regular]:mapping=tex-text;!
Missing character: There is no ʌ in font [lmroman8-regular]:mapping=tex-text;!
Missing character: There is no ɑ in font [lmroman8-regular]:mapping=tex-text;!
Missing character: There is no ː in font [lmroman8-regular]:mapping=tex-text;!
Missing character: There is no ɾ in font [lmroman8-regular]:mapping=tex-text;!
Missing character: There is no ̪ in font [lmroman8-regular]:mapping=tex-text;!
Missing character: There is no ː in font [lmroman8-regular]:mapping=tex-text;!
Missing character: There is no ̪ in font [lmroman8-regular]:mapping=tex-text;!
Missing character: There is no ː in font [lmroman8-regular]:mapping=tex-text;!
Missing character: There is no ̪ in font [lmroman8-regular]:mapping=tex-text;!
Missing character: There is no ː in font [lmroman8-regular]:mapping=tex-text;!
Missing character: There is no ː in font [lmroman8-regular]:mapping=tex-text;!

Overfull \hbox (6.30121pt too wide) in paragraph at lines 529--529
\TU/lmr/m/n/8 (ɾ̪aːman̪aːjakal̪aːkeː)| 
 []

Missing character: There is no ɾ in font [lmroman8-regular]:mapping=tex-text;!
Missing character: There is no ̪ in font [lmroman8-regular]:mapping=tex-text;!
Missing character: There is no ː in font [lmroman8-regular]:mapping=tex-text;!
Missing character: There is no ̪ in font [lmroman8-regular]:mapping=tex-text;!
Missing character: There is no ː in font [lmroman8-regular]:mapping=tex-text;!
Missing character: There is no ̪ in font [lmroman8-regular]:mapping=tex-text;!
Missing character: There is no ː in font [lmroman8-regular]:mapping=tex-text;!
Missing character: There is no ː in font [lmroman8-regular]:mapping=tex-text;!

Overfull \hbox (6.30121pt too wide) in paragraph at lines 529--529
\TU/lmr/m/n/8 (ɾ̪aːman̪aːjakal̪aːkeː)| 
 []

Missing character: There is no ʋ in font [lmroman8-regular]:mapping=tex-text;!
Missing character: There is no ː in font [lmroman8-regular]:mapping=tex-text;!
Missing character: There is no ʊ in font [lmroman8-regular]:mapping=tex-text;!
Missing character: There is no ɑ in font [lmroman8-regular]:mapping=tex-text;!
Missing character: There is no ː in font [lmroman8-regular]:mapping=tex-text;!
Missing character: There is no ʋ in font [lmroman8-regular]:mapping=tex-text;!
Missing character: There is no ː in font [lmroman8-regular]:mapping=tex-text;!
Missing character: There is no ̪ in font [lmroman8-regular]:mapping=tex-text;!
Missing character: There is no ː in font [lmroman8-regular]:mapping=tex-text;!
Missing character: There is no ʋ in font [lmroman8-regular]:mapping=tex-text;!
Missing character: There is no ː in font [lmroman8-regular]:mapping=tex-text;!
Missing character: There is no ̪ in font [lmroman8-regular]:mapping=tex-text;!
Missing character: There is no ː in font [lmroman8-regular]:mapping=tex-text;!
Missing character: There is no ʋ in font [lmroman8-regular]:mapping=tex-text;!
Missing character: There is no ʌ in font [lmroman8-regular]:mapping=tex-text;!
Missing character: There is no ɑ in font [lmroman8-regular]:mapping=tex-text;!
Missing character: There is no ː in font [lmroman8-regular]:mapping=tex-text;!
Missing character: There is no ʤ in font [lmroman8-regular]:mapping=tex-text;!
Missing character: There is no ʥ in font [lmroman8-regular]:mapping=tex-text;!
Missing character: There is no ɑ in font [lmroman8-regular]:mapping=tex-text;!
Missing character: There is no ː in font [lmroman8-regular]:mapping=tex-text;!
Missing character: There is no ̪ in font [lmroman8-regular]:mapping=tex-text;!
Missing character: There is no ʋ in font [lmroman8-regular]:mapping=tex-text;!
Missing character: There is no ɾ in font [lmroman8-regular]:mapping=tex-text;!
Missing character: There is no ̪ in font [lmroman8-regular]:mapping=tex-text;!
Missing character: There is no ː in font [lmroman8-regular]:mapping=tex-text;!
Missing character: There is no ͡ in font [lmroman8-regular]:mapping=tex-text;!
Missing character: There is no ʒ in font [lmroman8-regular]:mapping=tex-text;!
Missing character: There is no ː in font [lmroman8-regular]:mapping=tex-text;!
Missing character: There is no ̪ in font [lmroman8-regular]:mapping=tex-text;!
Missing character: There is no ʋ in font [lmroman8-regular]:mapping=tex-text;!
Missing character: There is no ɾ in font [lmroman8-regular]:mapping=tex-text;!
Missing character: There is no ̪ in font [lmroman8-regular]:mapping=tex-text;!
Missing character: There is no ː in font [lmroman8-regular]:mapping=tex-text;!
Missing character: There is no ː in font [lmroman8-regular]:mapping=tex-text;!
Missing character: There is no ʋ in font [lmroman8-regular]:mapping=tex-text;!
Missing character: There is no ʊ in font [lmroman8-regular]:mapping=tex-text;!
Missing character: There is no ʋ in font [lmroman8-regular]:mapping=tex-text;!
Missing character: There is no ː in font [lmroman8-regular]:mapping=tex-text;!
Missing character: There is no ʋ in font [lmroman8-regular]:mapping=tex-text;!
Missing character: There is no ʌ in font [lmroman8-regular]:mapping=tex-text;!
Missing character: There is no ɾ in font [lmroman8-regular]:mapping=tex-text;!
Missing character: There is no ̪ in font [lmroman8-regular]:mapping=tex-text;!
Missing character: There is no ː in font [lmroman8-regular]:mapping=tex-text;!
Missing character: There is no ɾ in font [lmroman8-regular]:mapping=tex-text;!
Missing character: There is no ̪ in font [lmroman8-regular]:mapping=tex-text;!
Missing character: There is no ɾ in font [lmroman8-regular]:mapping=tex-text;!
Missing character: There is no ̪ in font [lmroman8-regular]:mapping=tex-text;!
Missing character: There is no ː in font [lmroman8-regular]:mapping=tex-text;!
Missing character: There is no ɾ in font [lmroman8-regular]:mapping=tex-text;!
Missing character: There is no ̪ in font [lmroman8-regular]:mapping=tex-text;!
Missing character: There is no ɑ in font [lmroman8-regular]:mapping=tex-text;!
Missing character: There is no ː in font [lmroman8-regular]:mapping=tex-text;!
Missing character: There is no ʃ in font [lmroman8-regular]:mapping=tex-text;!
Missing character: There is no ɑ in font [lmroman8-regular]:mapping=tex-text;!
Missing character: There is no ː in font [lmroman8-regular]:mapping=tex-text;!
Missing character: There is no ɑ in font [lmroman8-regular]:mapping=tex-text;!
Missing character: There is no ː in font [lmroman8-regular]:mapping=tex-text;!
Missing character: There is no ʃ in font [lmroman8-regular]:mapping=tex-text;!
Missing character: There is no ɑ in font [lmroman8-regular]:mapping=tex-text;!
Missing character: There is no ː in font [lmroman8-regular]:mapping=tex-text;!
Missing character: There is no ʌ in font [lmroman8-regular]:mapping=tex-text;!
Missing character: There is no ɑ in font [lmroman8-regular]:mapping=tex-text;!
Missing character: There is no ː in font [lmroman8-regular]:mapping=tex-text;!
Missing character: There is no ʌ in font [lmroman8-regular]:mapping=tex-text;!
Missing character: There is no ɑ in font [lmroman8-regular]:mapping=tex-text;!
Missing character: There is no ː in font [lmroman8-regular]:mapping=tex-text;!
Missing character: There is no ʌ in font [lmroman8-regular]:mapping=tex-text;!
Missing character: There is no ʋ in font [lmroman8-regular]:mapping=tex-text;!
Missing character: There is no ː in font [lmroman8-regular]:mapping=tex-text;!
Missing character: There is no ʌ in font [lmroman8-regular]:mapping=tex-text;!
Missing character: There is no ʋ in font [lmroman8-regular]:mapping=tex-text;!
Missing character: There is no ː in font [lmroman8-regular]:mapping=tex-text;!
Missing character: There is no ʤ in font [lmroman8-regular]:mapping=tex-text;!
Missing character: There is no ʥ in font [lmroman8-regular]:mapping=tex-text;!
Missing character: There is no ʥ in font [lmroman8-regular]:mapping=tex-text;!
Missing character: There is no ʋ in font [lmroman8-regular]:mapping=tex-text;!
Missing character: There is no ʌ in font [lmroman8-regular]:mapping=tex-text;!
Missing character: There is no ɦ in font [lmroman8-regular]:mapping=tex-text;!
Missing character: There is no ɑ in font [lmroman8-regular]:mapping=tex-text;!
Missing character: There is no ː in font [lmroman8-regular]:mapping=tex-text;!
Missing character: There is no ː in font [lmroman8-regular]:mapping=tex-text;!
Missing character: There is no ʋ in font [lmroman8-regular]:mapping=tex-text;!
Missing character: There is no ʌ in font [lmroman8-regular]:mapping=tex-text;!
Missing character: There is no ɦ in font [lmroman8-regular]:mapping=tex-text;!
Missing character: There is no ɑ in font [lmroman8-regular]:mapping=tex-text;!
Missing character: There is no ː in font [lmroman8-regular]:mapping=tex-text;!
Missing character: There is no ː in font [lmroman8-regular]:mapping=tex-text;!
Missing character: There is no ɑ in font [lmroman8-regular]:mapping=tex-text;!
Missing character: There is no ː in font [lmroman8-regular]:mapping=tex-text;!
Missing character: There is no ʃ in font [lmroman8-regular]:mapping=tex-text;!
Missing character: There is no ɑ in font [lmroman8-regular]:mapping=tex-text;!
Missing character: There is no ː in font [lmroman8-regular]:mapping=tex-text;!
Missing character: There is no ɑ in font [lmroman8-regular]:mapping=tex-text;!
Missing character: There is no ː in font [lmroman8-regular]:mapping=tex-text;!
Missing character: There is no ʃ in font [lmroman8-regular]:mapping=tex-text;!
Missing character: There is no ɑ in font [lmroman8-regular]:mapping=tex-text;!
Missing character: There is no ː in font [lmroman8-regular]:mapping=tex-text;!
Missing character: There is no ʌ in font [lmroman8-regular]:mapping=tex-text;!
Missing character: There is no ɑ in font [lmroman8-regular]:mapping=tex-text;!
Missing character: There is no ː in font [lmroman8-regular]:mapping=tex-text;!
Missing character: There is no ʌ in font [lmroman8-regular]:mapping=tex-text;!
Missing character: There is no ɑ in font [lmroman8-regular]:mapping=tex-text;!
Missing character: There is no ː in font [lmroman8-regular]:mapping=tex-text;!
Missing character: There is no ʌ in font [lmroman8-regular]:mapping=tex-text;!
Missing character: There is no ʋ in font [lmroman8-regular]:mapping=tex-text;!
Missing character: There is no ː in font [lmroman8-regular]:mapping=tex-text;!
Missing character: There is no ʌ in font [lmroman8-regular]:mapping=tex-text;!
Missing character: There is no ʋ in font [lmroman8-regular]:mapping=tex-text;!
Missing character: There is no ː in font [lmroman8-regular]:mapping=tex-text;!
Missing character: There is no ʤ in font [lmroman8-regular]:mapping=tex-text;!
Missing character: There is no ʥ in font [lmroman8-regular]:mapping=tex-text;!
Missing character: There is no ʥ in font [lmroman8-regular]:mapping=tex-text;!
Missing character: There is no ʋ in font [lmroman8-regular]:mapping=tex-text;!
Missing character: There is no ʌ in font [lmroman8-regular]:mapping=tex-text;!
Missing character: There is no ɦ in font [lmroman8-regular]:mapping=tex-text;!
Missing character: There is no ɑ in font [lmroman8-regular]:mapping=tex-text;!
Missing character: There is no ː in font [lmroman8-regular]:mapping=tex-text;!
Missing character: There is no ː in font [lmroman8-regular]:mapping=tex-text;!
Missing character: There is no ʋ in font [lmroman8-regular]:mapping=tex-text;!
Missing character: There is no ʌ in font [lmroman8-regular]:mapping=tex-text;!
Missing character: There is no ɦ in font [lmroman8-regular]:mapping=tex-text;!
Missing character: There is no ɑ in font [lmroman8-regular]:mapping=tex-text;!
Missing character: There is no ː in font [lmroman8-regular]:mapping=tex-text;!
Missing character: There is no ː in font [lmroman8-regular]:mapping=tex-text;!

Underfull \hbox (badness 10000) in paragraph at lines 553--553
[]|\TU/lmr/m/n/8 Input name in
 []

Missing character: There is no ɑ in font [lmroman8-regular]:mapping=tex-text;!
Missing character: There is no ː in font [lmroman8-regular]:mapping=tex-text;!
Missing character: There is no ʃ in font [lmroman8-regular]:mapping=tex-text;!
Missing character: There is no ɑ in font [lmroman8-regular]:mapping=tex-text;!
Missing character: There is no ː in font [lmroman8-regular]:mapping=tex-text;!
Missing character: There is no ɑ in font [lmroman8-regular]:mapping=tex-text;!
Missing character: There is no ː in font [lmroman8-regular]:mapping=tex-text;!
Missing character: There is no ʃ in font [lmroman8-regular]:mapping=tex-text;!
Missing character: There is no ɑ in font [lmroman8-regular]:mapping=tex-text;!
Missing character: There is no ː in font [lmroman8-regular]:mapping=tex-text;!
Missing character: There is no ʌ in font [lmroman8-regular]:mapping=tex-text;!
Missing character: There is no ɑ in font [lmroman8-regular]:mapping=tex-text;!
Missing character: There is no ː in font [lmroman8-regular]:mapping=tex-text;!
Missing character: There is no ʌ in font [lmroman8-regular]:mapping=tex-text;!
Missing character: There is no ɑ in font [lmroman8-regular]:mapping=tex-text;!
Missing character: There is no ː in font [lmroman8-regular]:mapping=tex-text;!
Missing character: There is no ʌ in font [lmroman8-regular]:mapping=tex-text;!
Missing character: There is no ʋ in font [lmroman8-regular]:mapping=tex-text;!
Missing character: There is no ː in font [lmroman8-regular]:mapping=tex-text;!
Missing character: There is no ʌ in font [lmroman8-regular]:mapping=tex-text;!
Missing character: There is no ʋ in font [lmroman8-regular]:mapping=tex-text;!
Missing character: There is no ː in font [lmroman8-regular]:mapping=tex-text;!
Missing character: There is no ʤ in font [lmroman8-regular]:mapping=tex-text;!
Missing character: There is no ʥ in font [lmroman8-regular]:mapping=tex-text;!
Missing character: There is no ʥ in font [lmroman8-regular]:mapping=tex-text;!
Missing character: There is no ʋ in font [lmroman8-regular]:mapping=tex-text;!
Missing character: There is no ʌ in font [lmroman8-regular]:mapping=tex-text;!
Missing character: There is no ɦ in font [lmroman8-regular]:mapping=tex-text;!
Missing character: There is no ɑ in font [lmroman8-regular]:mapping=tex-text;!
Missing character: There is no ː in font [lmroman8-regular]:mapping=tex-text;!
Missing character: There is no ː in font [lmroman8-regular]:mapping=tex-text;!
Missing character: There is no ʋ in font [lmroman8-regular]:mapping=tex-text;!
Missing character: There is no ʌ in font [lmroman8-regular]:mapping=tex-text;!
Missing character: There is no ɦ in font [lmroman8-regular]:mapping=tex-text;!
Missing character: There is no ɑ in font [lmroman8-regular]:mapping=tex-text;!
Missing character: There is no ː in font [lmroman8-regular]:mapping=tex-text;!
Missing character: There is no ː in font [lmroman8-regular]:mapping=tex-text;!
[4] [5] [6]

** Conference Paper **
Before submitting the final camera ready copy, remember to:

 1. Manually equalize the lengths of two columns on the last page
 of your paper;

 2. Ensure that any PostScript and/or PDF output post-processing
 uses only Type 1 fonts and that every step in the generation
 process uses the appropriate paper size.

[7

] (./bare_conf.aux)

LaTeX Font Warning: Some font shapes were not available, defaults substituted.


LaTeX Warning: There were multiply-defined labels.

 ) 
Here is how much of TeX's memory you used:
 11218 strings out of 493007
 257398 string characters out of 6136720
 341009 words of memory out of 5000000
 15143 multiletter control sequences out of 15000+600000
 532495 words of font info for 78 fonts, out of 8000000 for 9000
 1351 hyphenation exceptions out of 8191
 39i,9n,57p,10410b,301s stack positions out of 5000i,500n,10000p,200000b,80000s

Output written on bare_conf.pdf (7 pages).
