nohup: ignoring input
Using SCRIPTS_ROOTDIR: /home/shanika/mosesdecoder/scripts
Using single-thread GIZA
using gzip 
(1) preparing corpus @ Tue Nov  5 02:16:16 +0530 2019
Executing: mkdir -p /home/shanika/working/train/corpus
(1.0) selecting factors @ Tue Nov  5 02:16:16 +0530 2019
(1.1) running mkcls  @ Tue Nov  5 02:16:16 +0530 2019
/home/shanika/mosesdecoder/tools/mkcls -c50 -n2 -p/home/shanika/corpus/data.ta-si.clean.ta -V/home/shanika/working/train/corpus/ta.vcb.classes opt
  /home/shanika/working/train/corpus/ta.vcb.classes already in place, reusing
(1.1) running mkcls  @ Tue Nov  5 02:16:16 +0530 2019
/home/shanika/mosesdecoder/tools/mkcls -c50 -n2 -p/home/shanika/corpus/data.ta-si.clean.si -V/home/shanika/working/train/corpus/si.vcb.classes opt
  /home/shanika/working/train/corpus/si.vcb.classes already in place, reusing
(1.2) creating vcb file /home/shanika/working/train/corpus/ta.vcb @ Tue Nov  5 02:16:16 +0530 2019
(1.2) creating vcb file /home/shanika/working/train/corpus/si.vcb @ Tue Nov  5 02:16:16 +0530 2019
(1.3) numberizing corpus /home/shanika/working/train/corpus/ta-si-int-train.snt @ Tue Nov  5 02:16:16 +0530 2019
  /home/shanika/working/train/corpus/ta-si-int-train.snt already in place, reusing
(1.3) numberizing corpus /home/shanika/working/train/corpus/si-ta-int-train.snt @ Tue Nov  5 02:16:16 +0530 2019
  /home/shanika/working/train/corpus/si-ta-int-train.snt already in place, reusing
(2) running giza @ Tue Nov  5 02:16:16 +0530 2019
(2.1a) running snt2cooc ta-si @ Tue Nov  5 02:16:16 +0530 2019

Executing: mkdir -p /home/shanika/working/train/giza.ta-si
Executing: /home/shanika/mosesdecoder/tools/snt2cooc.out /home/shanika/working/train/corpus/si.vcb /home/shanika/working/train/corpus/ta.vcb /home/shanika/working/train/corpus/ta-si-int-train.snt > /home/shanika/working/train/giza.ta-si/ta-si.cooc
/home/shanika/mosesdecoder/tools/snt2cooc.out /home/shanika/working/train/corpus/si.vcb /home/shanika/working/train/corpus/ta.vcb /home/shanika/working/train/corpus/ta-si-int-train.snt > /home/shanika/working/train/giza.ta-si/ta-si.cooc
line 1000
line 2000
line 3000
line 4000
line 5000
line 6000
line 7000
line 8000
line 9000
line 10000
line 11000
line 12000
line 13000
line 14000
line 15000
line 16000
line 17000
line 18000
line 19000
line 20000
line 21000
line 22000
line 23000
line 24000
line 25000
line 26000
line 27000
line 28000
line 29000
line 30000
line 31000
line 32000
line 33000
line 34000
line 35000
line 36000
line 37000
line 38000
line 39000
line 40000
line 41000
line 42000
line 43000
line 44000
line 45000
line 46000
line 47000
line 48000
line 49000
line 50000
line 51000
line 52000
line 53000
line 54000
line 55000
line 56000
line 57000
line 58000
line 59000
line 60000
line 61000
line 62000
line 63000
line 64000
line 65000
line 66000
line 67000
line 68000
line 69000
line 70000
line 71000
line 72000
line 73000
line 74000
line 75000
END.
(2.1b) running giza ta-si @ Tue Nov  5 02:16:17 +0530 2019
/home/shanika/mosesdecoder/tools/GIZA++  -CoocurrenceFile /home/shanika/working/train/giza.ta-si/ta-si.cooc -c /home/shanika/working/train/corpus/ta-si-int-train.snt -m1 5 -m2 0 -m3 3 -m4 3 -model1dumpfrequency 1 -model4smoothfactor 0.4 -nodumps 1 -nsmooth 4 -o /home/shanika/working/train/giza.ta-si/ta-si -onlyaldumps 1 -p0 0.999 -s /home/shanika/working/train/corpus/si.vcb -t /home/shanika/working/train/corpus/ta.vcb
  /home/shanika/working/train/giza.ta-si/ta-si.A3.final.gz seems finished, reusing.
(2.1a) running snt2cooc si-ta @ Tue Nov  5 02:16:17 +0530 2019

Executing: mkdir -p /home/shanika/working/train/giza.si-ta
Executing: /home/shanika/mosesdecoder/tools/snt2cooc.out /home/shanika/working/train/corpus/ta.vcb /home/shanika/working/train/corpus/si.vcb /home/shanika/working/train/corpus/si-ta-int-train.snt > /home/shanika/working/train/giza.si-ta/si-ta.cooc
/home/shanika/mosesdecoder/tools/snt2cooc.out /home/shanika/working/train/corpus/ta.vcb /home/shanika/working/train/corpus/si.vcb /home/shanika/working/train/corpus/si-ta-int-train.snt > /home/shanika/working/train/giza.si-ta/si-ta.cooc
line 1000
line 2000
line 3000
line 4000
line 5000
line 6000
line 7000
line 8000
line 9000
line 10000
line 11000
line 12000
line 13000
line 14000
line 15000
line 16000
line 17000
line 18000
line 19000
line 20000
line 21000
line 22000
line 23000
line 24000
line 25000
line 26000
line 27000
line 28000
line 29000
line 30000
line 31000
line 32000
line 33000
line 34000
line 35000
line 36000
line 37000
line 38000
line 39000
line 40000
line 41000
line 42000
line 43000
line 44000
line 45000
line 46000
line 47000
line 48000
line 49000
line 50000
line 51000
line 52000
line 53000
line 54000
line 55000
line 56000
line 57000
line 58000
line 59000
line 60000
line 61000
line 62000
line 63000
line 64000
line 65000
line 66000
line 67000
line 68000
line 69000
line 70000
line 71000
line 72000
line 73000
line 74000
line 75000
END.
(2.1b) running giza si-ta @ Tue Nov  5 02:16:18 +0530 2019
/home/shanika/mosesdecoder/tools/GIZA++  -CoocurrenceFile /home/shanika/working/train/giza.si-ta/si-ta.cooc -c /home/shanika/working/train/corpus/si-ta-int-train.snt -m1 5 -m2 0 -m3 3 -m4 3 -model1dumpfrequency 1 -model4smoothfactor 0.4 -nodumps 1 -nsmooth 4 -o /home/shanika/working/train/giza.si-ta/si-ta -onlyaldumps 1 -p0 0.999 -s /home/shanika/working/train/corpus/ta.vcb -t /home/shanika/working/train/corpus/si.vcb
  /home/shanika/working/train/giza.si-ta/si-ta.A3.final.gz seems finished, reusing.
(3) generate word alignment @ Tue Nov  5 02:16:18 +0530 2019
Combining forward and inverted alignment from files:
  /home/shanika/working/train/giza.ta-si/ta-si.A3.final.{bz2,gz}
  /home/shanika/working/train/giza.si-ta/si-ta.A3.final.{bz2,gz}
Executing: mkdir -p /home/shanika/working/train/model
Executing: /home/shanika/mosesdecoder/scripts/training/giza2bal.pl -d "gzip -cd /home/shanika/working/train/giza.si-ta/si-ta.A3.final.gz" -i "gzip -cd /home/shanika/working/train/giza.ta-si/ta-si.A3.final.gz" |/home/shanika/mosesdecoder/scripts/../bin/symal -alignment="grow" -diagonal="yes" -final="yes" -both="yes" > /home/shanika/working/train/model/aligned.grow-diag-final-and
symal: computing grow alignment: diagonal (1) final (1)both-uncovered (1)
skip=<0> counts=<75000>
(4) generate lexical translation table 0-0 @ Tue Nov  5 02:16:23 +0530 2019
(/home/shanika/corpus/data.ta-si.clean.ta,/home/shanika/corpus/data.ta-si.clean.si,/home/shanika/working/train/model/lex)
  reusing: /home/shanika/working/train/model/lex.f2e and /home/shanika/working/train/model/lex.e2f
(5) extract phrases @ Tue Nov  5 02:16:23 +0530 2019
/home/shanika/mosesdecoder/scripts/generic/extract-parallel.perl 4 split "sort    " /home/shanika/mosesdecoder/scripts/../bin/extract /home/shanika/corpus/data.ta-si.clean.si /home/shanika/corpus/data.ta-si.clean.ta /home/shanika/working/train/model/aligned.grow-diag-final-and /home/shanika/working/train/model/extract 7 orientation --model wbe-msd --GZOutput 
Executing: /home/shanika/mosesdecoder/scripts/generic/extract-parallel.perl 4 split "sort    " /home/shanika/mosesdecoder/scripts/../bin/extract /home/shanika/corpus/data.ta-si.clean.si /home/shanika/corpus/data.ta-si.clean.ta /home/shanika/working/train/model/aligned.grow-diag-final-and /home/shanika/working/train/model/extract 7 orientation --model wbe-msd --GZOutput 
MAX 7 1 0
Started Tue Nov  5 02:16:23 2019
using gzip 
isBSDSplit=0 
Executing: mkdir -p /home/shanika/working/train/model/tmp.12768; ls -l /home/shanika/working/train/model/tmp.12768 
total=75000 line-per-split=18751 
split -d -l 18751 -a 7 /home/shanika/corpus/data.ta-si.clean.ta /home/shanika/working/train/model/tmp.12768/source.split -d -l 18751 -a 7 /home/shanika/working/train/model/aligned.grow-diag-final-and /home/shanika/working/train/model/tmp.12768/align.split -d -l 18751 -a 7 /home/shanika/corpus/data.ta-si.clean.si /home/shanika/working/train/model/tmp.12768/target.merging extract / extract.inv
gunzip -c /home/shanika/working/train/model/tmp.12768/extract.0000000.gz /home/shanika/working/train/model/tmp.12768/extract.0000001.gz /home/shanika/working/train/model/tmp.12768/extract.0000002.gz /home/shanika/working/train/model/tmp.12768/extract.0000003.gz  | LC_ALL=C sort     -T /home/shanika/working/train/model/tmp.12768 2>> /dev/stderr | gzip -c > /home/shanika/working/train/model/extract.sorted.gz 2>> /dev/stderr 
gunzip -c /home/shanika/working/train/model/tmp.12768/extract.0000000.o.gz /home/shanika/working/train/model/tmp.12768/extract.0000001.o.gz /home/shanika/working/train/model/tmp.12768/extract.0000002.o.gz /home/shanika/working/train/model/tmp.12768/extract.0000003.o.gz  | LC_ALL=C sort     -T /home/shanika/working/train/model/tmp.12768 2>> /dev/stderr | gzip -c > /home/shanika/working/train/model/extract.o.sorted.gz 2>> /dev/stderr 
gunzip -c /home/shanika/working/train/model/tmp.12768/extract.0000000.inv.gz /home/shanika/working/train/model/tmp.12768/extract.0000001.inv.gz /home/shanika/working/train/model/tmp.12768/extract.0000002.inv.gz /home/shanika/working/train/model/tmp.12768/extract.0000003.inv.gz  | LC_ALL=C sort     -T /home/shanika/working/train/model/tmp.12768 2>> /dev/stderr | gzip -c > /home/shanika/working/train/model/extract.inv.sorted.gz 2>> /dev/stderr 
Finished Tue Nov  5 02:16:44 2019
(6) score phrases @ Tue Nov  5 02:16:44 +0530 2019
(6.1)  creating table half /home/shanika/working/train/model/phrase-table.half.f2e @ Tue Nov  5 02:16:44 +0530 2019
/home/shanika/mosesdecoder/scripts/generic/score-parallel.perl 4 "sort    " /home/shanika/mosesdecoder/scripts/../bin/score /home/shanika/working/train/model/extract.sorted.gz /home/shanika/working/train/model/lex.f2e /home/shanika/working/train/model/phrase-table.half.f2e.gz  0 
Executing: /home/shanika/mosesdecoder/scripts/generic/score-parallel.perl 4 "sort    " /home/shanika/mosesdecoder/scripts/../bin/score /home/shanika/working/train/model/extract.sorted.gz /home/shanika/working/train/model/lex.f2e /home/shanika/working/train/model/phrase-table.half.f2e.gz  0 
using gzip 
Started Tue Nov  5 02:16:45 2019
/home/shanika/mosesdecoder/scripts/../bin/score /home/shanika/working/train/model/tmp.12821/extract.0.gz /home/shanika/working/train/model/lex.f2e /home/shanika/working/train/model/tmp.12821/phrase-table.half.0000000.gz  2>> /dev/stderr 
/home/shanika/working/train/model/tmp.12821/run.0.sh/home/shanika/working/train/model/tmp.12821/run.2.sh/home/shanika/working/train/model/tmp.12821/run.1.sh/home/shanika/working/train/model/tmp.12821/run.3.shmv /home/shanika/working/train/model/tmp.12821/phrase-table.half.0000000.gz /home/shanika/working/train/model/phrase-table.half.f2e.gzrm -rf /home/shanika/working/train/model/tmp.12821 
Finished Tue Nov  5 02:16:52 2019
(6.3)  creating table half /home/shanika/working/train/model/phrase-table.half.e2f @ Tue Nov  5 02:16:52 +0530 2019
/home/shanika/mosesdecoder/scripts/generic/score-parallel.perl 4 "sort    " /home/shanika/mosesdecoder/scripts/../bin/score /home/shanika/working/train/model/extract.inv.sorted.gz /home/shanika/working/train/model/lex.e2f /home/shanika/working/train/model/phrase-table.half.e2f.gz --Inverse 1 
Executing: /home/shanika/mosesdecoder/scripts/generic/score-parallel.perl 4 "sort    " /home/shanika/mosesdecoder/scripts/../bin/score /home/shanika/working/train/model/extract.inv.sorted.gz /home/shanika/working/train/model/lex.e2f /home/shanika/working/train/model/phrase-table.half.e2f.gz --Inverse 1 
using gzip 
Started Tue Nov  5 02:16:52 2019
/home/shanika/mosesdecoder/scripts/../bin/score /home/shanika/working/train/model/tmp.12848/extract.0.gz /home/shanika/working/train/model/lex.e2f /home/shanika/working/train/model/tmp.12848/phrase-table.half.0000000.gz --Inverse  2>> /dev/stderr 
/home/shanika/working/train/model/tmp.12848/run.0.sh/home/shanika/working/train/model/tmp.12848/run.1.sh/home/shanika/working/train/model/tmp.12848/run.2.sh/home/shanika/working/train/model/tmp.12848/run.3.shgunzip -c /home/shanika/working/train/model/tmp.12848/phrase-table.half.*.gz 2>> /dev/stderr| LC_ALL=C sort     -T /home/shanika/working/train/model/tmp.12848  | gzip -c > /home/shanika/working/train/model/phrase-table.half.e2f.gz  2>> /dev/stderr rm -rf /home/shanika/working/train/model/tmp.12848 
Finished Tue Nov  5 02:17:00 2019
(6.6) consolidating the two halves @ Tue Nov  5 02:17:00 +0530 2019
Executing: /home/shanika/mosesdecoder/scripts/../bin/consolidate /home/shanika/working/train/model/phrase-table.half.f2e.gz /home/shanika/working/train/model/phrase-table.half.e2f.gz /dev/stdout | gzip -c > /home/shanika/working/train/model/phrase-table.gz
Consolidate v2.0 written by Philipp Koehn
consolidating direct and indirect rule tables
..
Executing: rm -f /home/shanika/working/train/model/phrase-table.half.*
(7) learn reordering model @ Tue Nov  5 02:17:02 +0530 2019
(7.1) [no factors] learn reordering model @ Tue Nov  5 02:17:02 +0530 2019
(7.2) building tables @ Tue Nov  5 02:17:02 +0530 2019
Executing: /home/shanika/mosesdecoder/scripts/../bin/lexical-reordering-score /home/shanika/working/train/model/extract.o.sorted.gz 0.5 /home/shanika/working/train/model/reordering-table. --model "wbe msd wbe-msd-bidirectional-fe"
Lexical Reordering Scorer
scores lexical reordering models of several types (hierarchical, phrase-based and word-based-extraction
(8) learn generation model @ Tue Nov  5 02:17:05 +0530 2019
  no generation model requested, skipping step
(9) create moses.ini @ Tue Nov  5 02:17:05 +0530 2019
